Release 11.1 - xst L.33 (lin)
Copyright (c) 1995-2009 Xilinx, Inc.  All rights reserved.
--> 
Parameter TMPDIR set to xst/projnav.tmp


Total REAL time to Xst completion: 1.00 secs
Total CPU time to Xst completion: 0.08 secs
 
--> 
Parameter xsthdpdir set to xst


Total REAL time to Xst completion: 1.00 secs
Total CPU time to Xst completion: 0.08 secs
 
--> 
Reading design: Network.prj

TABLE OF CONTENTS
  1) Synthesis Options Summary
  2) HDL Compilation
  3) Design Hierarchy Analysis
  4) HDL Analysis
  5) HDL Synthesis
     5.1) HDL Synthesis Report
  6) Advanced HDL Synthesis
     6.1) Advanced HDL Synthesis Report
  7) Low Level Synthesis
  8) Partition Report
  9) Final Report
	9.1) Device utilization summary
	9.2) Partition Resource Summary
	9.3) TIMING REPORT


=========================================================================
*                      Synthesis Options Summary                        *
=========================================================================
---- Source Parameters
Input File Name                    : "Network.prj"
Input Format                       : mixed
Ignore Synthesis Constraint File   : NO

---- Target Parameters
Output File Name                   : "Network"
Output Format                      : NGC
Target Device                      : xc3s100e-5-vq100

---- Source Options
Top Module Name                    : Network
Automatic FSM Extraction           : YES
FSM Encoding Algorithm             : Auto
Safe Implementation                : No
FSM Style                          : lut
RAM Extraction                     : Yes
RAM Style                          : Auto
ROM Extraction                     : Yes
Mux Style                          : Auto
Decoder Extraction                 : YES
Priority Encoder Extraction        : YES
Shift Register Extraction          : YES
Logical Shifter Extraction         : YES
XOR Collapsing                     : YES
ROM Style                          : Auto
Mux Extraction                     : YES
Resource Sharing                   : YES
Asynchronous To Synchronous        : NO
Automatic Register Balancing       : No

---- Target Options
Add IO Buffers                     : YES
Add Generic Clock Buffer(BUFG)     : 24
Register Duplication               : YES
Slice Packing                      : YES
Optimize Instantiated Primitives   : NO
Use Clock Enable                   : Yes
Use Synchronous Set                : Yes
Use Synchronous Reset              : Yes
Pack IO Registers into IOBs        : auto
Equivalent register Removal        : YES

---- General Options
Optimization Goal                  : Speed
Optimization Effort                : 1
Library Search Order               : Network.lso
Keep Hierarchy                     : NO
Netlist Hierarchy                  : as_optimized
RTL Output                         : Yes
Global Optimization                : AllClockNets
Read Cores                         : YES
Write Timing Constraints           : NO
Cross Clock Analysis               : NO
Hierarchy Separator                : /
Bus Delimiter                      : <>
Case Specifier                     : maintain
Slice Utilization Ratio            : 100
BRAM Utilization Ratio             : 100
Verilog 2001                       : YES
Auto BRAM Packing                  : NO
Slice Utilization Ratio Delta      : 5

=========================================================================


=========================================================================
*                          HDL Compilation                              *
=========================================================================
Compiling vhdl file "/home/karantza/Desktop/dsd-nn/Neuron.vhd" in Library work.
Architecture behavioral of Entity neuron is up to date.
Compiling vhdl file "/home/karantza/Desktop/dsd-nn/Connection.vhd" in Library work.
Architecture behavioral of Entity connection is up to date.
Compiling vhdl file "/home/karantza/Desktop/dsd-nn/Network.vhd" in Library work.
Architecture behavioral of Entity network is up to date.

=========================================================================
*                     Design Hierarchy Analysis                         *
=========================================================================
Analyzing hierarchy for entity <Network> in library <work> (architecture <behavioral>).

Analyzing hierarchy for entity <Neuron> in library <work> (architecture <behavioral>).

Analyzing hierarchy for entity <Connection> in library <work> (architecture <behavioral>).


=========================================================================
*                            HDL Analysis                               *
=========================================================================
Analyzing Entity <Network> in library <work> (Architecture <behavioral>).
Entity <Network> analyzed. Unit <Network> generated.

Analyzing Entity <Neuron> in library <work> (Architecture <behavioral>).
Entity <Neuron> analyzed. Unit <Neuron> generated.

Analyzing Entity <Connection> in library <work> (Architecture <behavioral>).
WARNING:Xst:1610 - "/home/karantza/Desktop/dsd-nn/Connection.vhd" line 41: Width mismatch. <intermediate> has a width of 16 bits but assigned expression is 24-bit wide.
WARNING:Xst:819 - "/home/karantza/Desktop/dsd-nn/Connection.vhd" line 39: One or more signals are missing in the process sensitivity list. To enable synthesis of FPGA/CPLD hardware, XST will assume that all necessary signals are present in the sensitivity list. Please note that the result of the synthesis may differ from the initial design specification. The missing signals are:
   <weight>
Entity <Connection> analyzed. Unit <Connection> generated.


=========================================================================
*                           HDL Synthesis                               *
=========================================================================

Performing bidirectional port resolution...

Synthesizing Unit <Neuron>.
    Related source file is "/home/karantza/Desktop/dsd-nn/Neuron.vhd".
WARNING:Xst:647 - Input <a> is never used. This port will be preserved and left unconnected if it belongs to a top-level block or it belongs to a sub-block and the hierarchy of this sub-block is preserved.
WARNING:Xst:647 - Input <b> is never used. This port will be preserved and left unconnected if it belongs to a top-level block or it belongs to a sub-block and the hierarchy of this sub-block is preserved.
    Found 8-bit adder for signal <sum>.
    Summary:
	inferred   1 Adder/Subtractor(s).
Unit <Neuron> synthesized.


Synthesizing Unit <Connection>.
    Related source file is "/home/karantza/Desktop/dsd-nn/Connection.vhd".
WARNING:Xst:653 - Signal <weight> is used but never assigned. This sourceless signal will be automatically connected to value 01000000.
WARNING:Xst:646 - Signal <intermediate<7:0>> is assigned but never used. This unconnected signal will be trimmed during the optimization process.
Unit <Connection> synthesized.


Synthesizing Unit <Network>.
    Related source file is "/home/karantza/Desktop/dsd-nn/Network.vhd".
WARNING:Xst:1780 - Signal <winsig<2>> is never used or assigned. This unconnected signal will be trimmed during the optimization process.
Unit <Network> synthesized.


=========================================================================
HDL Synthesis Report

Macro Statistics
# Adders/Subtractors                                   : 4
 8-bit adder                                           : 4

=========================================================================

=========================================================================
*                       Advanced HDL Synthesis                          *
=========================================================================

WARNING:Xst:1290 - Hierarchical block <h1> is unconnected in block <Network>.
   It will be removed from the design.
WARNING:Xst:1290 - Hierarchical block <h2> is unconnected in block <Network>.
   It will be removed from the design.
WARNING:Xst:1290 - Hierarchical block <h3> is unconnected in block <Network>.
   It will be removed from the design.
WARNING:Xst:1290 - Hierarchical block <c11> is unconnected in block <Network>.
   It will be removed from the design.
WARNING:Xst:1290 - Hierarchical block <c12> is unconnected in block <Network>.
   It will be removed from the design.
WARNING:Xst:1290 - Hierarchical block <c21> is unconnected in block <Network>.
   It will be removed from the design.
WARNING:Xst:1290 - Hierarchical block <c22> is unconnected in block <Network>.
   It will be removed from the design.

=========================================================================
Advanced HDL Synthesis Report

Macro Statistics
# Adders/Subtractors                                   : 4
 8-bit adder                                           : 4

=========================================================================

=========================================================================
*                         Low Level Synthesis                           *
=========================================================================
WARNING:Xst:1989 - Unit <Network>: instances <h1>, <h2> of unit <Neuron> are equivalent, second instance is removed
WARNING:Xst:1989 - Unit <Network>: instances <h1>, <h3> of unit <Neuron> are equivalent, second instance is removed

Optimizing unit <Network> ...

Mapping all equations...
Building and optimizing final netlist ...
Found area constraint ratio of 100 (+ 5) on block Network, actual ratio is 0.

Final Macro Processing ...

=========================================================================
Final Register Report

Found no macro
=========================================================================

=========================================================================
*                           Partition Report                             *
=========================================================================

Partition Implementation Status
-------------------------------

  No Partitions were found in this design.

-------------------------------

=========================================================================
*                            Final Report                               *
=========================================================================
Final Results
RTL Top Level Output File Name     : Network.ngr
Top Level Output File Name         : Network
Output Format                      : NGC
Optimization Goal                  : Speed
Keep Hierarchy                     : NO

Design Statistics
# IOs                              : 24

Cell Usage :
=========================================================================

Device utilization summary:
---------------------------

Selected Device : 3s100evq100-5 

 Number of Slices:                        0  out of    960     0%  
 Number of IOs:                          24
 Number of bonded IOBs:                   0  out of     66     0%  

---------------------------
Partition Resource Summary:
---------------------------

  No Partitions were found in this design.

---------------------------


=========================================================================
TIMING REPORT

NOTE: THESE TIMING NUMBERS ARE ONLY A SYNTHESIS ESTIMATE.
      FOR ACCURATE TIMING INFORMATION PLEASE REFER TO THE TRACE REPORT
      GENERATED AFTER PLACE-and-ROUTE.

Clock Information:
------------------
No clock signals found in this design

Asynchronous Control Signals Information:
----------------------------------------
No asynchronous control signals found in this design

Timing Summary:
---------------
Speed Grade: -5

   Minimum period: No path found
   Minimum input arrival time before clock: No path found
   Maximum output required time after clock: No path found
   Maximum combinational path delay: No path found

Timing Detail:
--------------
All values displayed in nanoseconds (ns)

=========================================================================


Total REAL time to Xst completion: 6.00 secs
Total CPU time to Xst completion: 4.90 secs
 
--> 


Total memory usage is 137044 kilobytes

Number of errors   :    0 (   0 filtered)
Number of warnings :   16 (   0 filtered)
Number of infos    :    0 (   0 filtered)

