Release 9.2i Map J.36
Xilinx Mapping Report File for Design 'DUT'

Design Information
------------------
Command Line   : C:\Xilinx92i\bin\nt\map.exe -ise X:/Desktop/dsdproj/ISE/DSD.ise
-intstyle ise -p xc3s100e-tq144-5 -cm area -pr b -k 4 -c 100 -o DUT_map.ncd
DUT.ngd DUT.pcf 
Target Device  : xc3s100e
Target Package : tq144
Target Speed   : -5
Mapper Version : spartan3e -- $Revision: 1.36 $
Mapped Date    : Wed Oct 21 19:17:44 2009

Design Summary
--------------
Number of errors:      0
Number of warnings:    0
Logic Utilization:
  Number of 4 input LUTs:             165 out of   1,920    8%
Logic Distribution:
  Number of occupied Slices:                          125 out of     960   13%
    Number of Slices containing only related logic:     125 out of     125  100%
    Number of Slices containing unrelated logic:          0 out of     125    0%
      *See NOTES below for an explanation of the effects of unrelated logic
Total Number of 4 input LUTs:            215 out of   1,920   11%
  Number used as logic:                165
  Number used as a route-thru:          50
  Number of bonded IOBs:               10 out of     108    9%
  Number of MULT18X18SIOs:              4 out of       4  100%

Total equivalent gate count for design:  1,866
Additional JTAG gate count for IOBs:  480
Peak Memory Usage:  142 MB
Total REAL time to MAP completion:  4 secs 
Total CPU time to MAP completion:   2 secs 

NOTES:

   Related logic is defined as being logic that shares connectivity - e.g. two
   LUTs are "related" if they share common inputs.  When assembling slices,
   Map gives priority to combine logic that is related.  Doing so results in
   the best timing performance.

   Unrelated logic shares no connectivity.  Map will only begin packing
   unrelated logic into a slice once 99% of the slices are occupied through
   related logic packing.

   Note that once logic distribution reaches the 99% level through related
   logic packing, this does not mean the device is completely utilized.
   Unrelated logic packing will then begin, continuing until all usable LUTs
   and FFs are occupied.  Depending on your timing budget, increased levels of
   unrelated logic packing may adversely affect the overall timing performance
   of your design.

Table of Contents
-----------------
Section 1 - Errors
Section 2 - Warnings
Section 3 - Informational
Section 4 - Removed Logic Summary
Section 5 - Removed Logic
Section 6 - IOB Properties
Section 7 - RPMs
Section 8 - Guide Report
Section 9 - Area Group and Partition Summary
Section 10 - Modular Design Summary
Section 11 - Timing Report
Section 12 - Configuration String Information
Section 13 - Control Set Information

Section 1 - Errors
------------------

Section 2 - Warnings
--------------------

Section 3 - Informational
-------------------------
INFO:MapLib:562 - No environment variables are currently set.
INFO:LIT:244 - All of the single ended outputs in this design are using slew
   rate limited output drivers. The delay on speed critical single ended outputs
   can be dramatically reduced by designating them as fast outputs in the
   schematic.

Section 4 - Removed Logic Summary
---------------------------------
   1 block(s) removed
   9 block(s) optimized away
   1 signal(s) removed

Section 5 - Removed Logic
-------------------------

The trimmed logic reported below is either:
   1. part of a cycle
   2. part of disabled logic
   3. a side-effect of other trimmed logic

The signal "net/wij10/Mmult_inter_Madd2_cy<2>_rt" is unused and has been
removed.
 Unused block "net/wij10/Mmult_inter_Madd2_cy<2>_rt" (ROM) removed.

Optimized Block(s):
TYPE 		BLOCK
GND 		XST_GND
VCC 		XST_VCC
MUXCY 		net/wij10/Mmult_inter_Madd2_cy<2>
LUT2 		net/wij01/Mmult_inter_Madd2_lut<6>
LUT2 		net/wij01/Mmult_inter_Madd2_lut<7>
LUT2 		net/wij01/Mmult_inter_Madd2_lut<8>
LUT2 		net/wij02/Mmult_inter_Madd2_lut<6>
LUT2 		net/wij02/Mmult_inter_Madd2_lut<7>
LUT2 		net/wij02/Mmult_inter_Madd2_lut<8>

To enable printing of redundant blocks removed and signals merged, set the
detailed map report option and rerun map.

Section 6 - IOB Properties
--------------------------

+-----------------------------------------------------------------------------------------------------------------------------------------+
| IOB Name                           | IOB Type         | Direction | IO Standard | Drive    | Slew | Reg (s)      | Resistor | IBUF/IFD  |
|                                    |                  |           |             | Strength | Rate |              |          | Delay     |
+-----------------------------------------------------------------------------------------------------------------------------------------+
| led<0>                             | IOB              | OUTPUT    | LVCMOS25    | 12       | SLOW |              |          | 0 / 0     |
| led<1>                             | IOB              | OUTPUT    | LVCMOS25    | 12       | SLOW |              |          | 0 / 0     |
| led<2>                             | IOB              | OUTPUT    | LVCMOS25    | 12       | SLOW |              |          | 0 / 0     |
| led<3>                             | IOB              | OUTPUT    | LVCMOS25    | 12       | SLOW |              |          | 0 / 0     |
| led<4>                             | IOB              | OUTPUT    | LVCMOS25    | 12       | SLOW |              |          | 0 / 0     |
| led<5>                             | IOB              | OUTPUT    | LVCMOS25    | 12       | SLOW |              |          | 0 / 0     |
| led<6>                             | IOB              | OUTPUT    | LVCMOS25    | 12       | SLOW |              |          | 0 / 0     |
| led<7>                             | IOB              | OUTPUT    | LVCMOS25    | 12       | SLOW |              |          | 0 / 0     |
| sw<0>                              | IBUF             | INPUT     | LVCMOS25    |          |      |              |          | 0 / 0     |
| sw<1>                              | IBUF             | INPUT     | LVCMOS25    |          |      |              |          | 0 / 0     |
+-----------------------------------------------------------------------------------------------------------------------------------------+

Section 7 - RPMs
----------------

Section 8 - Guide Report
------------------------
Guide not run on this design.

Section 9 - Area Group and Partition Summary
--------------------------------------------

Partition Implementation Status
-------------------------------

  No Partitions were found in this design.

-------------------------------

Area Group Information
----------------------

  No area groups were found in this design.


----------------------

Section 10 - Modular Design Summary
-----------------------------------
Modular Design not used for this design.

Section 11 - Timing Report
--------------------------
This design was not run using timing mode.

Section 12 - Configuration String Details
-----------------------------------------
Use the "-detail" map option to print out Configuration Strings

Section 13 - Control Set Information
------------------------------------
No control set information for this architecture.
