Release 11.1 Map L.33 (lin)
Xilinx Mapping Report File for Design 'Neuron'

Design Information
------------------
Command Line   : map -ise dsd-nn.ise -intstyle ise -p xc3s100e-vq100-5 -cm area
-ir off -pr off -c 100 -o Neuron_map.ncd Neuron.ngd Neuron.pcf 
Target Device  : xc3s100e
Target Package : vq100
Target Speed   : -5
Mapper Version : spartan3e -- $Revision: 1.51 $
Mapped Date    : Mon Oct 19 17:35:35 2009

Design Summary
--------------
Number of errors:      0
Number of warnings:    2
Logic Utilization:
  Number of 4 input LUTs:                 8 out of   1,920    1%
Logic Distribution:
  Number of occupied Slices:              4 out of     960    1%
    Number of Slices containing only related logic:       4 out of       4 100%
    Number of Slices containing unrelated logic:          0 out of       4   0%
      *See NOTES below for an explanation of the effects of unrelated logic.
  Total Number of 4 input LUTs:           8 out of   1,920    1%
  Number of bonded IOBs:                 16 out of      66   24%

Average Fanout of Non-Clock Nets:                1.42

Peak Memory Usage:  166 MB
Total REAL time to MAP completion:  5 secs 
Total CPU time to MAP completion:   3 secs 

NOTES:

   Related logic is defined as being logic that shares connectivity - e.g. two
   LUTs are "related" if they share common inputs.  When assembling slices,
   Map gives priority to combine logic that is related.  Doing so results in
   the best timing performance.

   Unrelated logic shares no connectivity.  Map will only begin packing
   unrelated logic into a slice once 99% of the slices are occupied through
   related logic packing.

   Note that once logic distribution reaches the 99% level through related
   logic packing, this does not mean the device is completely utilized.
   Unrelated logic packing will then begin, continuing until all usable LUTs
   and FFs are occupied.  Depending on your timing budget, increased levels of
   unrelated logic packing may adversely affect the overall timing performance
   of your design.

Table of Contents
-----------------
Section 1 - Errors
Section 2 - Warnings
Section 3 - Informational
Section 4 - Removed Logic Summary
Section 5 - Removed Logic
Section 6 - IOB Properties
Section 7 - RPMs
Section 8 - Guide Report
Section 9 - Area Group and Partition Summary
Section 10 - Modular Design Summary
Section 11 - Timing Report
Section 12 - Configuration String Information
Section 13 - Control Set Information
Section 14 - Utilization by Hierarchy

Section 1 - Errors
------------------

Section 2 - Warnings
--------------------
WARNING:LIT:243 - Logical network a<7> has no load.
WARNING:LIT:395 - The above warning message base_net_load_rule is repeated 15
   more times for the following (max. 5 shown):
   a<6>,
   a<5>,
   a<4>,
   a<3>,
   a<2>
   To see the details of these warning messages, please use the -detail switch.

Section 3 - Informational
-------------------------
INFO:MapLib:562 - No environment variables are currently set.
INFO:LIT:244 - All of the single ended outputs in this design are using slew
   rate limited output drivers. The delay on speed critical single ended outputs
   can be dramatically reduced by designating them as fast outputs.

Section 4 - Removed Logic Summary
---------------------------------
   1 block(s) optimized away

Section 5 - Removed Logic
-------------------------

Optimized Block(s):
TYPE 		BLOCK
GND 		XST_GND

Section 6 - IOB Properties
--------------------------

+---------------------------------------------------------------------------------------------------------------------------------------------------------+
| IOB Name                           | Type             | Direction | IO Standard          | Diff  | Drive    | Slew | Reg (s)      | Resistor | IOB      |
|                                    |                  |           |                      | Term  | Strength | Rate |              |          | Delay    |
+---------------------------------------------------------------------------------------------------------------------------------------------------------+
| c<0>                               | IBUF             | INPUT     | LVCMOS25             |       |          |      |              |          | 0 / 0    |
| c<1>                               | IBUF             | INPUT     | LVCMOS25             |       |          |      |              |          | 0 / 0    |
| c<2>                               | IBUF             | INPUT     | LVCMOS25             |       |          |      |              |          | 0 / 0    |
| c<3>                               | IBUF             | INPUT     | LVCMOS25             |       |          |      |              |          | 0 / 0    |
| c<4>                               | IBUF             | INPUT     | LVCMOS25             |       |          |      |              |          | 0 / 0    |
| c<5>                               | IBUF             | INPUT     | LVCMOS25             |       |          |      |              |          | 0 / 0    |
| c<6>                               | IBUF             | INPUT     | LVCMOS25             |       |          |      |              |          | 0 / 0    |
| c<7>                               | IBUF             | INPUT     | LVCMOS25             |       |          |      |              |          | 0 / 0    |
| outsignal<0>                       | IOB              | OUTPUT    | LVCMOS25             |       | 12       | SLOW |              |          | 0 / 0    |
| outsignal<1>                       | IOB              | OUTPUT    | LVCMOS25             |       | 12       | SLOW |              |          | 0 / 0    |
| outsignal<2>                       | IOB              | OUTPUT    | LVCMOS25             |       | 12       | SLOW |              |          | 0 / 0    |
| outsignal<3>                       | IOB              | OUTPUT    | LVCMOS25             |       | 12       | SLOW |              |          | 0 / 0    |
| outsignal<4>                       | IOB              | OUTPUT    | LVCMOS25             |       | 12       | SLOW |              |          | 0 / 0    |
| outsignal<5>                       | IOB              | OUTPUT    | LVCMOS25             |       | 12       | SLOW |              |          | 0 / 0    |
| outsignal<6>                       | IOB              | OUTPUT    | LVCMOS25             |       | 12       | SLOW |              |          | 0 / 0    |
| outsignal<7>                       | IOB              | OUTPUT    | LVCMOS25             |       | 12       | SLOW |              |          | 0 / 0    |
+---------------------------------------------------------------------------------------------------------------------------------------------------------+

Section 7 - RPMs
----------------

Section 8 - Guide Report
------------------------
Guide not run on this design.

Section 9 - Area Group and Partition Summary
--------------------------------------------

Partition Implementation Status
-------------------------------

  No Partitions were found in this design.

-------------------------------

Area Group Information
----------------------

  No area groups were found in this design.

----------------------

Section 10 - Modular Design Summary
-----------------------------------
Modular Design not used for this design.

Section 11 - Timing Report
--------------------------
This design was not run using timing mode.

Section 12 - Configuration String Details
-----------------------------------------
Use the "-detail" map option to print out Configuration Strings

Section 13 - Control Set Information
------------------------------------
No control set information for this architecture.

Section 14 - Utilization by Hierarchy
-------------------------------------
Use the "-detail" map option to print out the Utilization by Hierarchy section.
